<?xml version="1.0" encoding="UTF-8"?>
<!-- Generated by org.testng.reporters.JUnitReportReporter -->
<testsuite skipped="0" hostname="divine-PC" name="TestNGPackage.NewTest" tests="9" failures="0" timestamp="06 Sep 2017 18:16:38 GMT" time="18.946" errors="0">
  <testcase name="verifylogin" time="2.248" classname="TestNGPackage.NewTest"/>
  <testcase name="verifylogin" time="2.369" classname="TestNGPackage.NewTest"/>
  <testcase name="verifylogin" time="2.357" classname="TestNGPackage.NewTest"/>
  <testcase name="verifylogin" time="1.897" classname="TestNGPackage.NewTest"/>
  <testcase name="verifylogin" time="2.258" classname="TestNGPackage.NewTest"/>
  <testcase name="verifylogin" time="1.871" classname="TestNGPackage.NewTest"/>
  <testcase name="verifylogin" time="1.955" classname="TestNGPackage.NewTest"/>
  <testcase name="verifylogin" time="1.950" classname="TestNGPackage.NewTest"/>
  <testcase name="verifylogin" time="2.041" classname="TestNGPackage.NewTest"/>
</testsuite> <!-- TestNGPackage.NewTest -->
