<?xml version="1.0" encoding="UTF-8"?>
<!-- Generated by org.testng.reporters.JUnitReportReporter -->
<testsuite skipped="0" hostname="divine-PC" name="guruECommerceProject.HomePageVerify" tests="3" failures="0" timestamp="17 Jul 2017 17:23:35 GMT" time="3.929" errors="0">
  <testcase name="f" time="0.006" classname="guruECommerceProject.HomePageVerify"/>
  <testcase name="f" time="0.002" classname="guruECommerceProject.HomePageVerify"/>
  <testcase name="verifylogin" time="3.921" classname="guruECommerceProject.HomePageVerify"/>
</testsuite> <!-- guruECommerceProject.HomePageVerify -->
