<?xml version="1.0" encoding="UTF-8"?>
<!-- Generated by org.testng.reporters.JUnitReportReporter -->
<testsuite skipped="0" hostname="divine-PC" name="guruECommercePackage.VerifyOrderAndPdf" tests="1" failures="0" timestamp="06 Sep 2017 18:16:38 GMT" time="9.176" errors="0">
  <testcase name="verifyOrderPdf" time="9.176" classname="guruECommercePackage.VerifyOrderAndPdf"/>
</testsuite> <!-- guruECommercePackage.VerifyOrderAndPdf -->
