<?xml version="1.0" encoding="UTF-8"?>
<!-- Generated by org.testng.reporters.JUnitReportReporter -->
<testsuite skipped="0" hostname="divine-PC" name="guruECommercePackage.ChangeAndReOrder" tests="4" failures="0" timestamp="06 Sep 2017 18:16:38 GMT" time="118.062" errors="0">
  <testcase name="changeAndReOrder" time="24.326" classname="guruECommercePackage.ChangeAndReOrder"/>
  <testcase name="discountCoupon" time="11.419" classname="guruECommercePackage.ChangeAndReOrder"/>
  <testcase name="orderInfoEmail" time="21.450" classname="guruECommercePackage.ChangeAndReOrder"/>
  <testcase name="invoicePrint" time="60.867" classname="guruECommercePackage.ChangeAndReOrder"/>
</testsuite> <!-- guruECommercePackage.ChangeAndReOrder -->
