<?xml version="1.0" encoding="UTF-8"?>
<!-- Generated by org.testng.reporters.JUnitReportReporter -->
<testsuite skipped="0" hostname="divine-PC" name="guruECommercePackage.ProductReview" tests="4" failures="0" timestamp="29 Oct 2017 15:37:12 GMT" time="141.697" errors="0">
  <testcase name="verifyFields" time="37.537" classname="guruECommercePackage.ProductReview"/>
  <testcase name="productReview" time="62.110" classname="guruECommercePackage.ProductReview"/>
  <testcase name="searchFunctionality" time="5.487" classname="guruECommercePackage.ProductReview"/>
  <testcase name="verifySort" time="36.563" classname="guruECommercePackage.ProductReview"/>
</testsuite> <!-- guruECommercePackage.ProductReview -->
