<?xml version="1.0" encoding="UTF-8"?>
<!-- Generated by org.testng.reporters.JUnitReportReporter -->
<testsuite hostname="divine-PC" name="guruECommercePackage.ChangeAndReOrder" tests="4" failures="0" timestamp="6 Nov 2017 10:16:33 GMT" time="851.410" errors="0">
  <testcase name="changeAndReOrder" time="763.359" classname="guruECommercePackage.ChangeAndReOrder"/>
  <testcase name="orderInfoEmail" time="17.471" classname="guruECommercePackage.ChangeAndReOrder"/>
  <testcase name="invoicePrint" time="62.041" classname="guruECommercePackage.ChangeAndReOrder"/>
  <testcase name="discountCoupon" time="8.539" classname="guruECommercePackage.ChangeAndReOrder"/>
</testsuite> <!-- guruECommercePackage.ChangeAndReOrder -->
