<?xml version="1.0" encoding="UTF-8"?>
<!-- Generated by org.testng.reporters.JUnitReportReporter -->
<testsuite hostname="divine-PC" name="guruECommercePackage.VerifyOrderAndPdf" tests="1" failures="0" timestamp="6 Nov 2017 10:16:33 GMT" time="11.684" errors="0">
  <testcase name="verifyOrderPdf" time="11.684" classname="guruECommercePackage.VerifyOrderAndPdf"/>
</testsuite> <!-- guruECommercePackage.VerifyOrderAndPdf -->
