<?xml version="1.0" encoding="UTF-8"?>
<!-- Generated by org.testng.reporters.JUnitReportReporter -->
<testsuite hostname="divine-PC" name="TestNGPackage.NewTest" tests="9" failures="0" timestamp="6 Nov 2017 10:16:33 GMT" time="20.870" errors="0">
  <testcase name="verifylogin" time="2.234" classname="TestNGPackage.NewTest"/>
  <testcase name="verifylogin" time="2.489" classname="TestNGPackage.NewTest"/>
  <testcase name="verifylogin" time="2.107" classname="TestNGPackage.NewTest"/>
  <testcase name="verifylogin" time="2.527" classname="TestNGPackage.NewTest"/>
  <testcase name="verifylogin" time="2.760" classname="TestNGPackage.NewTest"/>
  <testcase name="verifylogin" time="2.175" classname="TestNGPackage.NewTest"/>
  <testcase name="verifylogin" time="2.206" classname="TestNGPackage.NewTest"/>
  <testcase name="verifylogin" time="2.186" classname="TestNGPackage.NewTest"/>
  <testcase name="verifylogin" time="2.186" classname="TestNGPackage.NewTest"/>
</testsuite> <!-- TestNGPackage.NewTest -->
